{"/Users/patrycjamikucka/Projects/FinalProject/banksy-map/api/app.js": {"path":"/Users/patrycjamikucka/Projects/FinalProject/banksy-map/api/app.js","statementMap":{"0":{"start":{"line":1,"column":16},"end":{"line":1,"column":34}},"1":{"start":{"line":2,"column":19},"end":{"line":2,"column":41}},"2":{"start":{"line":3,"column":13},"end":{"line":3,"column":28}},"3":{"start":{"line":7,"column":31},"end":{"line":7,"column":67}},"4":{"start":{"line":8,"column":29},"end":{"line":8,"column":63}},"5":{"start":{"line":10,"column":29},"end":{"line":10,"column":63}},"6":{"start":{"line":11,"column":21},"end":{"line":11,"column":57}},"7":{"start":{"line":12,"column":20},"end":{"line":12,"column":45}},"8":{"start":{"line":14,"column":12},"end":{"line":14,"column":21}},"9":{"start":{"line":16,"column":0},"end":{"line":16,"column":16}},"10":{"start":{"line":19,"column":0},"end":{"line":19,"column":27}},"11":{"start":{"line":20,"column":0},"end":{"line":20,"column":47}},"12":{"start":{"line":23,"column":0},"end":{"line":23,"column":58}},"13":{"start":{"line":24,"column":0},"end":{"line":24,"column":70}},"14":{"start":{"line":26,"column":0},"end":{"line":26,"column":57}},"15":{"start":{"line":27,"column":0},"end":{"line":27,"column":32}},"16":{"start":{"line":31,"column":0},"end":{"line":34,"column":3}},"17":{"start":{"line":32,"column":2},"end":{"line":32,"column":20}},"18":{"start":{"line":33,"column":2},"end":{"line":33,"column":56}},"19":{"start":{"line":37,"column":0},"end":{"line":44,"column":3}},"20":{"start":{"line":38,"column":2},"end":{"line":38,"column":21}},"21":{"start":{"line":39,"column":2},"end":{"line":43,"column":3}},"22":{"start":{"line":40,"column":4},"end":{"line":40,"column":38}},"23":{"start":{"line":42,"column":4},"end":{"line":42,"column":58}},"24":{"start":{"line":46,"column":0},"end":{"line":46,"column":21}}},"fnMap":{"0":{"name":"(anonymous_0)","decl":{"start":{"line":31,"column":8},"end":{"line":31,"column":9}},"loc":{"start":{"line":31,"column":23},"end":{"line":34,"column":1}},"line":31},"1":{"name":"(anonymous_1)","decl":{"start":{"line":37,"column":8},"end":{"line":37,"column":9}},"loc":{"start":{"line":37,"column":35},"end":{"line":44,"column":1}},"line":37}},"branchMap":{"0":{"loc":{"start":{"line":39,"column":2},"end":{"line":43,"column":3}},"type":"if","locations":[{"start":{"line":39,"column":2},"end":{"line":43,"column":3}},{"start":{"line":41,"column":9},"end":{"line":43,"column":3}}],"line":39}},"s":{"0":3,"1":3,"2":3,"3":3,"4":3,"5":3,"6":3,"7":3,"8":3,"9":3,"10":3,"11":3,"12":3,"13":3,"14":3,"15":3,"16":3,"17":0,"18":0,"19":3,"20":0,"21":0,"22":0,"23":0,"24":3},"f":{"0":0,"1":0},"b":{"0":[0,0]},"_coverageSchema":"1a1c01bbd47fc00a2c39e90264f33305004495a9","hash":"31e1eaf0500befe1d1540f44a3102df272a1f982"}
,"/Users/patrycjamikucka/Projects/FinalProject/banksy-map/api/controllers/authentication.js": {"path":"/Users/patrycjamikucka/Projects/FinalProject/banksy-map/api/controllers/authentication.js","statementMap":{"0":{"start":{"line":1,"column":13},"end":{"line":1,"column":38}},"1":{"start":{"line":2,"column":26},"end":{"line":2,"column":49}},"2":{"start":{"line":3,"column":15},"end":{"line":3,"column":32}},"3":{"start":{"line":4,"column":19},"end":{"line":4,"column":21}},"4":{"start":{"line":7,"column":18},"end":{"line":7,"column":32}},"5":{"start":{"line":8,"column":21},"end":{"line":8,"column":38}},"6":{"start":{"line":10,"column":4},"end":{"line":32,"column":5}},"7":{"start":{"line":11,"column":17},"end":{"line":11,"column":53}},"8":{"start":{"line":13,"column":4},"end":{"line":17,"column":5}},"9":{"start":{"line":14,"column":8},"end":{"line":14,"column":50}},"10":{"start":{"line":15,"column":8},"end":{"line":15,"column":67}},"11":{"start":{"line":19,"column":18},"end":{"line":19,"column":63}},"12":{"start":{"line":20,"column":4},"end":{"line":23,"column":9}},"13":{"start":{"line":21,"column":8},"end":{"line":21,"column":58}},"14":{"start":{"line":22,"column":8},"end":{"line":22,"column":71}},"15":{"start":{"line":25,"column":22},"end":{"line":25,"column":44}},"16":{"start":{"line":26,"column":8},"end":{"line":26,"column":62}},"17":{"start":{"line":30,"column":4},"end":{"line":30,"column":39}},"18":{"start":{"line":31,"column":4},"end":{"line":31,"column":62}},"19":{"start":{"line":37,"column":33},"end":{"line":39,"column":1}},"20":{"start":{"line":41,"column":0},"end":{"line":41,"column":42}}},"fnMap":{"0":{"name":"createToken","decl":{"start":{"line":6,"column":15},"end":{"line":6,"column":26}},"loc":{"start":{"line":6,"column":37},"end":{"line":33,"column":1}},"line":6}},"branchMap":{"0":{"loc":{"start":{"line":13,"column":4},"end":{"line":17,"column":5}},"type":"if","locations":[{"start":{"line":13,"column":4},"end":{"line":17,"column":5}},{"start":{},"end":{}}],"line":13},"1":{"loc":{"start":{"line":20,"column":4},"end":{"line":23,"column":9}},"type":"if","locations":[{"start":{"line":20,"column":4},"end":{"line":23,"column":9}},{"start":{},"end":{}}],"line":20}},"s":{"0":3,"1":3,"2":3,"3":3,"4":0,"5":0,"6":0,"7":0,"8":0,"9":0,"10":0,"11":0,"12":0,"13":0,"14":0,"15":0,"16":0,"17":0,"18":0,"19":3,"20":3},"f":{"0":0},"b":{"0":[0,0],"1":[0,0]},"_coverageSchema":"1a1c01bbd47fc00a2c39e90264f33305004495a9","hash":"bd10a6ffb33dc999f2004d3369724550576f60e7"}
,"/Users/patrycjamikucka/Projects/FinalProject/banksy-map/api/controllers/badge.js": {"path":"/Users/patrycjamikucka/Projects/FinalProject/banksy-map/api/controllers/badge.js","statementMap":{"0":{"start":{"line":1,"column":14},"end":{"line":1,"column":40}},"1":{"start":{"line":4,"column":4},"end":{"line":17,"column":5}},"2":{"start":{"line":5,"column":23},"end":{"line":5,"column":69}},"3":{"start":{"line":6,"column":8},"end":{"line":10,"column":11}},"4":{"start":{"line":12,"column":8},"end":{"line":16,"column":11}},"5":{"start":{"line":21,"column":4},"end":{"line":39,"column":5}},"6":{"start":{"line":22,"column":22},"end":{"line":22,"column":57}},"7":{"start":{"line":24,"column":8},"end":{"line":28,"column":9}},"8":{"start":{"line":25,"column":12},"end":{"line":27,"column":15}},"9":{"start":{"line":30,"column":8},"end":{"line":33,"column":11}},"10":{"start":{"line":35,"column":8},"end":{"line":35,"column":56}},"11":{"start":{"line":36,"column":8},"end":{"line":38,"column":11}},"12":{"start":{"line":43,"column":4},"end":{"line":89,"column":5}},"13":{"start":{"line":44,"column":54},"end":{"line":44,"column":62}},"14":{"start":{"line":46,"column":8},"end":{"line":51,"column":9}},"15":{"start":{"line":47,"column":12},"end":{"line":50,"column":15}},"16":{"start":{"line":53,"column":30},"end":{"line":53,"column":59}},"17":{"start":{"line":54,"column":8},"end":{"line":59,"column":9}},"18":{"start":{"line":55,"column":12},"end":{"line":58,"column":15}},"19":{"start":{"line":60,"column":22},"end":{"line":68,"column":10}},"20":{"start":{"line":69,"column":27},"end":{"line":69,"column":45}},"21":{"start":{"line":71,"column":8},"end":{"line":75,"column":11}},"22":{"start":{"line":77,"column":8},"end":{"line":83,"column":9}},"23":{"start":{"line":78,"column":12},"end":{"line":82,"column":15}},"24":{"start":{"line":84,"column":8},"end":{"line":88,"column":11}},"25":{"start":{"line":93,"column":4},"end":{"line":146,"column":5}},"26":{"start":{"line":94,"column":23},"end":{"line":94,"column":33}},"27":{"start":{"line":95,"column":54},"end":{"line":95,"column":62}},"28":{"start":{"line":97,"column":30},"end":{"line":97,"column":54}},"29":{"start":{"line":98,"column":8},"end":{"line":103,"column":9}},"30":{"start":{"line":99,"column":12},"end":{"line":102,"column":15}},"31":{"start":{"line":104,"column":8},"end":{"line":112,"column":9}},"32":{"start":{"line":105,"column":33},"end":{"line":105,"column":80}},"33":{"start":{"line":106,"column":12},"end":{"line":111,"column":13}},"34":{"start":{"line":107,"column":16},"end":{"line":110,"column":19}},"35":{"start":{"line":113,"column":27},"end":{"line":113,"column":29}},"36":{"start":{"line":114,"column":8},"end":{"line":114,"column":41}},"37":{"start":{"line":114,"column":18},"end":{"line":114,"column":41}},"38":{"start":{"line":115,"column":8},"end":{"line":115,"column":62}},"39":{"start":{"line":115,"column":25},"end":{"line":115,"column":62}},"40":{"start":{"line":116,"column":8},"end":{"line":116,"column":55}},"41":{"start":{"line":116,"column":32},"end":{"line":116,"column":55}},"42":{"start":{"line":117,"column":8},"end":{"line":122,"column":9}},"43":{"start":{"line":118,"column":12},"end":{"line":121,"column":14}},"44":{"start":{"line":123,"column":28},"end":{"line":127,"column":9}},"45":{"start":{"line":128,"column":8},"end":{"line":132,"column":11}},"46":{"start":{"line":134,"column":8},"end":{"line":140,"column":9}},"47":{"start":{"line":135,"column":12},"end":{"line":139,"column":15}},"48":{"start":{"line":141,"column":8},"end":{"line":145,"column":11}},"49":{"start":{"line":149,"column":4},"end":{"line":172,"column":5}},"50":{"start":{"line":150,"column":23},"end":{"line":150,"column":33}},"51":{"start":{"line":152,"column":22},"end":{"line":152,"column":46}},"52":{"start":{"line":153,"column":8},"end":{"line":158,"column":9}},"53":{"start":{"line":154,"column":12},"end":{"line":157,"column":15}},"54":{"start":{"line":159,"column":8},"end":{"line":159,"column":42}},"55":{"start":{"line":161,"column":8},"end":{"line":165,"column":11}},"56":{"start":{"line":167,"column":8},"end":{"line":171,"column":11}},"57":{"start":{"line":176,"column":4},"end":{"line":199,"column":5}},"58":{"start":{"line":177,"column":25},"end":{"line":177,"column":35}},"59":{"start":{"line":179,"column":27},"end":{"line":179,"column":60}},"60":{"start":{"line":180,"column":8},"end":{"line":185,"column":9}},"61":{"start":{"line":181,"column":12},"end":{"line":184,"column":15}},"62":{"start":{"line":186,"column":23},"end":{"line":186,"column":96}},"63":{"start":{"line":188,"column":8},"end":{"line":192,"column":11}},"64":{"start":{"line":194,"column":8},"end":{"line":198,"column":11}},"65":{"start":{"line":201,"column":25},"end":{"line":208,"column":1}},"66":{"start":{"line":210,"column":0},"end":{"line":210,"column":34}}},"fnMap":{"0":{"name":"getAll","decl":{"start":{"line":3,"column":15},"end":{"line":3,"column":21}},"loc":{"start":{"line":3,"column":33},"end":{"line":18,"column":1}},"line":3},"1":{"name":"getById","decl":{"start":{"line":20,"column":15},"end":{"line":20,"column":22}},"loc":{"start":{"line":20,"column":33},"end":{"line":40,"column":1}},"line":20},"2":{"name":"create","decl":{"start":{"line":42,"column":15},"end":{"line":42,"column":21}},"loc":{"start":{"line":42,"column":32},"end":{"line":90,"column":1}},"line":42},"3":{"name":"updateBadge","decl":{"start":{"line":92,"column":15},"end":{"line":92,"column":26}},"loc":{"start":{"line":92,"column":37},"end":{"line":147,"column":1}},"line":92},"4":{"name":"deleteBadge","decl":{"start":{"line":148,"column":15},"end":{"line":148,"column":26}},"loc":{"start":{"line":148,"column":37},"end":{"line":173,"column":1}},"line":148},"5":{"name":"getByCriteria","decl":{"start":{"line":175,"column":15},"end":{"line":175,"column":28}},"loc":{"start":{"line":175,"column":39},"end":{"line":200,"column":1}},"line":175}},"branchMap":{"0":{"loc":{"start":{"line":24,"column":8},"end":{"line":28,"column":9}},"type":"if","locations":[{"start":{"line":24,"column":8},"end":{"line":28,"column":9}},{"start":{},"end":{}}],"line":24},"1":{"loc":{"start":{"line":46,"column":8},"end":{"line":51,"column":9}},"type":"if","locations":[{"start":{"line":46,"column":8},"end":{"line":51,"column":9}},{"start":{},"end":{}}],"line":46},"2":{"loc":{"start":{"line":46,"column":12},"end":{"line":46,"column":83}},"type":"binary-expr","locations":[{"start":{"line":46,"column":12},"end":{"line":46,"column":17}},{"start":{"line":46,"column":21},"end":{"line":46,"column":33}},{"start":{"line":46,"column":37},"end":{"line":46,"column":46}},{"start":{"line":46,"column":50},"end":{"line":46,"column":64}},{"start":{"line":46,"column":68},"end":{"line":46,"column":83}}],"line":46},"3":{"loc":{"start":{"line":54,"column":8},"end":{"line":59,"column":9}},"type":"if","locations":[{"start":{"line":54,"column":8},"end":{"line":59,"column":9}},{"start":{},"end":{}}],"line":54},"4":{"loc":{"start":{"line":77,"column":8},"end":{"line":83,"column":9}},"type":"if","locations":[{"start":{"line":77,"column":8},"end":{"line":83,"column":9}},{"start":{},"end":{}}],"line":77},"5":{"loc":{"start":{"line":98,"column":8},"end":{"line":103,"column":9}},"type":"if","locations":[{"start":{"line":98,"column":8},"end":{"line":103,"column":9}},{"start":{},"end":{}}],"line":98},"6":{"loc":{"start":{"line":104,"column":8},"end":{"line":112,"column":9}},"type":"if","locations":[{"start":{"line":104,"column":8},"end":{"line":112,"column":9}},{"start":{},"end":{}}],"line":104},"7":{"loc":{"start":{"line":104,"column":12},"end":{"line":104,"column":47}},"type":"binary-expr","locations":[{"start":{"line":104,"column":12},"end":{"line":104,"column":16}},{"start":{"line":104,"column":20},"end":{"line":104,"column":47}}],"line":104},"8":{"loc":{"start":{"line":106,"column":12},"end":{"line":111,"column":13}},"type":"if","locations":[{"start":{"line":106,"column":12},"end":{"line":111,"column":13}},{"start":{},"end":{}}],"line":106},"9":{"loc":{"start":{"line":114,"column":8},"end":{"line":114,"column":41}},"type":"if","locations":[{"start":{"line":114,"column":8},"end":{"line":114,"column":41}},{"start":{},"end":{}}],"line":114},"10":{"loc":{"start":{"line":115,"column":8},"end":{"line":115,"column":62}},"type":"if","locations":[{"start":{"line":115,"column":8},"end":{"line":115,"column":62}},{"start":{},"end":{}}],"line":115},"11":{"loc":{"start":{"line":116,"column":8},"end":{"line":116,"column":55}},"type":"if","locations":[{"start":{"line":116,"column":8},"end":{"line":116,"column":55}},{"start":{},"end":{}}],"line":116},"12":{"loc":{"start":{"line":117,"column":8},"end":{"line":122,"column":9}},"type":"if","locations":[{"start":{"line":117,"column":8},"end":{"line":122,"column":9}},{"start":{},"end":{}}],"line":117},"13":{"loc":{"start":{"line":119,"column":22},"end":{"line":119,"column":66}},"type":"binary-expr","locations":[{"start":{"line":119,"column":22},"end":{"line":119,"column":35}},{"start":{"line":119,"column":39},"end":{"line":119,"column":66}}],"line":119},"14":{"loc":{"start":{"line":120,"column":23},"end":{"line":120,"column":99}},"type":"cond-expr","locations":[{"start":{"line":120,"column":54},"end":{"line":120,"column":68}},{"start":{"line":120,"column":71},"end":{"line":120,"column":99}}],"line":120},"15":{"loc":{"start":{"line":134,"column":8},"end":{"line":140,"column":9}},"type":"if","locations":[{"start":{"line":134,"column":8},"end":{"line":140,"column":9}},{"start":{},"end":{}}],"line":134},"16":{"loc":{"start":{"line":153,"column":8},"end":{"line":158,"column":9}},"type":"if","locations":[{"start":{"line":153,"column":8},"end":{"line":158,"column":9}},{"start":{},"end":{}}],"line":153},"17":{"loc":{"start":{"line":180,"column":8},"end":{"line":185,"column":9}},"type":"if","locations":[{"start":{"line":180,"column":8},"end":{"line":185,"column":9}},{"start":{},"end":{}}],"line":180}},"s":{"0":3,"1":0,"2":0,"3":0,"4":0,"5":0,"6":0,"7":0,"8":0,"9":0,"10":0,"11":0,"12":0,"13":0,"14":0,"15":0,"16":0,"17":0,"18":0,"19":0,"20":0,"21":0,"22":0,"23":0,"24":0,"25":0,"26":0,"27":0,"28":0,"29":0,"30":0,"31":0,"32":0,"33":0,"34":0,"35":0,"36":0,"37":0,"38":0,"39":0,"40":0,"41":0,"42":0,"43":0,"44":0,"45":0,"46":0,"47":0,"48":0,"49":0,"50":0,"51":0,"52":0,"53":0,"54":0,"55":0,"56":0,"57":0,"58":0,"59":0,"60":0,"61":0,"62":0,"63":0,"64":0,"65":3,"66":3},"f":{"0":0,"1":0,"2":0,"3":0,"4":0,"5":0},"b":{"0":[0,0],"1":[0,0],"2":[0,0,0,0,0],"3":[0,0],"4":[0,0],"5":[0,0],"6":[0,0],"7":[0,0],"8":[0,0],"9":[0,0],"10":[0,0],"11":[0,0],"12":[0,0],"13":[0,0],"14":[0,0],"15":[0,0],"16":[0,0],"17":[0,0]},"_coverageSchema":"1a1c01bbd47fc00a2c39e90264f33305004495a9","hash":"319a5b4624404f9894299feb606612468f2288e0"}
,"/Users/patrycjamikucka/Projects/FinalProject/banksy-map/api/controllers/users.js": {"path":"/Users/patrycjamikucka/Projects/FinalProject/banksy-map/api/controllers/users.js","statementMap":{"0":{"start":{"line":2,"column":13},"end":{"line":2,"column":38}},"1":{"start":{"line":3,"column":15},"end":{"line":3,"column":32}},"2":{"start":{"line":4,"column":19},"end":{"line":4,"column":21}},"3":{"start":{"line":6,"column":16},"end":{"line":6,"column":44}},"4":{"start":{"line":7,"column":14},"end":{"line":7,"column":40}},"5":{"start":{"line":11,"column":30},"end":{"line":11,"column":41}},"6":{"start":{"line":12,"column":4},"end":{"line":30,"column":5}},"7":{"start":{"line":13,"column":8},"end":{"line":15,"column":9}},"8":{"start":{"line":14,"column":8},"end":{"line":14,"column":43}},"9":{"start":{"line":18,"column":21},"end":{"line":20,"column":74}},"10":{"start":{"line":21,"column":8},"end":{"line":26,"column":9}},"11":{"start":{"line":22,"column":12},"end":{"line":22,"column":27}},"12":{"start":{"line":25,"column":8},"end":{"line":25,"column":36}},"13":{"start":{"line":28,"column":8},"end":{"line":28,"column":60}},"14":{"start":{"line":29,"column":8},"end":{"line":29,"column":36}},"15":{"start":{"line":35,"column":51},"end":{"line":35,"column":59}},"16":{"start":{"line":38,"column":2},"end":{"line":40,"column":5}},"17":{"start":{"line":39,"column":4},"end":{"line":39,"column":72}},"18":{"start":{"line":43,"column":15},"end":{"line":43,"column":54}},"19":{"start":{"line":44,"column":15},"end":{"line":44,"column":70}},"20":{"start":{"line":47,"column":2},"end":{"line":58,"column":7}},"21":{"start":{"line":50,"column":6},"end":{"line":50,"column":60}},"22":{"start":{"line":51,"column":6},"end":{"line":51,"column":46}},"23":{"start":{"line":54,"column":6},"end":{"line":56,"column":7}},"24":{"start":{"line":55,"column":8},"end":{"line":55,"column":27}},"25":{"start":{"line":57,"column":6},"end":{"line":57,"column":64}},"26":{"start":{"line":62,"column":2},"end":{"line":76,"column":3}},"27":{"start":{"line":64,"column":17},"end":{"line":66,"column":5}},"28":{"start":{"line":68,"column":4},"end":{"line":70,"column":5}},"29":{"start":{"line":69,"column":6},"end":{"line":69,"column":65}},"30":{"start":{"line":72,"column":4},"end":{"line":72,"column":35}},"31":{"start":{"line":74,"column":4},"end":{"line":74,"column":50}},"32":{"start":{"line":75,"column":4},"end":{"line":75,"column":54}},"33":{"start":{"line":80,"column":4},"end":{"line":106,"column":5}},"34":{"start":{"line":82,"column":32},"end":{"line":82,"column":42}},"35":{"start":{"line":85,"column":39},"end":{"line":90,"column":7}},"36":{"start":{"line":92,"column":6},"end":{"line":94,"column":5}},"37":{"start":{"line":93,"column":8},"end":{"line":93,"column":67}},"38":{"start":{"line":95,"column":4},"end":{"line":99,"column":7}},"39":{"start":{"line":102,"column":6},"end":{"line":105,"column":7}},"40":{"start":{"line":110,"column":2},"end":{"line":135,"column":3}},"41":{"start":{"line":111,"column":38},"end":{"line":111,"column":48}},"42":{"start":{"line":113,"column":35},"end":{"line":120,"column":5}},"43":{"start":{"line":122,"column":4},"end":{"line":124,"column":5}},"44":{"start":{"line":123,"column":6},"end":{"line":123,"column":65}},"45":{"start":{"line":126,"column":4},"end":{"line":129,"column":7}},"46":{"start":{"line":131,"column":4},"end":{"line":134,"column":7}},"47":{"start":{"line":139,"column":2},"end":{"line":164,"column":3}},"48":{"start":{"line":140,"column":36},"end":{"line":140,"column":46}},"49":{"start":{"line":142,"column":34},"end":{"line":149,"column":5}},"50":{"start":{"line":151,"column":4},"end":{"line":153,"column":5}},"51":{"start":{"line":152,"column":6},"end":{"line":152,"column":65}},"52":{"start":{"line":155,"column":4},"end":{"line":158,"column":7}},"53":{"start":{"line":160,"column":4},"end":{"line":163,"column":7}},"54":{"start":{"line":168,"column":2},"end":{"line":188,"column":3}},"55":{"start":{"line":169,"column":17},"end":{"line":171,"column":35}},"56":{"start":{"line":173,"column":4},"end":{"line":177,"column":5}},"57":{"start":{"line":174,"column":6},"end":{"line":176,"column":8}},"58":{"start":{"line":179,"column":4},"end":{"line":181,"column":7}},"59":{"start":{"line":184,"column":4},"end":{"line":184,"column":65}},"60":{"start":{"line":185,"column":4},"end":{"line":187,"column":7}},"61":{"start":{"line":192,"column":2},"end":{"line":212,"column":3}},"62":{"start":{"line":193,"column":17},"end":{"line":195,"column":32}},"63":{"start":{"line":197,"column":4},"end":{"line":201,"column":5}},"64":{"start":{"line":198,"column":6},"end":{"line":200,"column":9}},"65":{"start":{"line":203,"column":4},"end":{"line":205,"column":7}},"66":{"start":{"line":208,"column":4},"end":{"line":208,"column":62}},"67":{"start":{"line":209,"column":4},"end":{"line":211,"column":6}},"68":{"start":{"line":215,"column":24},"end":{"line":224,"column":1}},"69":{"start":{"line":226,"column":0},"end":{"line":226,"column":33}}},"fnMap":{"0":{"name":"getCurrentUser","decl":{"start":{"line":9,"column":15},"end":{"line":9,"column":29}},"loc":{"start":{"line":9,"column":40},"end":{"line":31,"column":1}},"line":9},"1":{"name":"create","decl":{"start":{"line":33,"column":15},"end":{"line":33,"column":21}},"loc":{"start":{"line":33,"column":32},"end":{"line":59,"column":1}},"line":33},"2":{"name":"(anonymous_2)","decl":{"start":{"line":49,"column":10},"end":{"line":49,"column":11}},"loc":{"start":{"line":49,"column":20},"end":{"line":52,"column":5}},"line":49},"3":{"name":"(anonymous_3)","decl":{"start":{"line":53,"column":11},"end":{"line":53,"column":12}},"loc":{"start":{"line":53,"column":20},"end":{"line":58,"column":5}},"line":53},"4":{"name":"getById","decl":{"start":{"line":61,"column":15},"end":{"line":61,"column":22}},"loc":{"start":{"line":61,"column":33},"end":{"line":77,"column":1}},"line":61},"5":{"name":"addBookmarked","decl":{"start":{"line":79,"column":15},"end":{"line":79,"column":28}},"loc":{"start":{"line":79,"column":39},"end":{"line":107,"column":1}},"line":79},"6":{"name":"addVisitedArtwork","decl":{"start":{"line":109,"column":15},"end":{"line":109,"column":32}},"loc":{"start":{"line":109,"column":43},"end":{"line":136,"column":1}},"line":109},"7":{"name":"addBadge","decl":{"start":{"line":138,"column":15},"end":{"line":138,"column":23}},"loc":{"start":{"line":138,"column":34},"end":{"line":165,"column":3}},"line":138},"8":{"name":"getUserBookmarkedArtworks","decl":{"start":{"line":167,"column":15},"end":{"line":167,"column":40}},"loc":{"start":{"line":167,"column":51},"end":{"line":189,"column":1}},"line":167},"9":{"name":"getUserVisitedArtworks","decl":{"start":{"line":191,"column":15},"end":{"line":191,"column":37}},"loc":{"start":{"line":191,"column":48},"end":{"line":213,"column":1}},"line":191}},"branchMap":{"0":{"loc":{"start":{"line":13,"column":8},"end":{"line":15,"column":9}},"type":"if","locations":[{"start":{"line":13,"column":8},"end":{"line":15,"column":9}},{"start":{},"end":{}}],"line":13},"1":{"loc":{"start":{"line":21,"column":8},"end":{"line":26,"column":9}},"type":"if","locations":[{"start":{"line":21,"column":8},"end":{"line":26,"column":9}},{"start":{"line":23,"column":15},"end":{"line":26,"column":9}}],"line":21},"2":{"loc":{"start":{"line":38,"column":2},"end":{"line":40,"column":5}},"type":"if","locations":[{"start":{"line":38,"column":2},"end":{"line":40,"column":5}},{"start":{},"end":{}}],"line":38},"3":{"loc":{"start":{"line":38,"column":6},"end":{"line":38,"column":52}},"type":"binary-expr","locations":[{"start":{"line":38,"column":6},"end":{"line":38,"column":12}},{"start":{"line":38,"column":16},"end":{"line":38,"column":25}},{"start":{"line":38,"column":29},"end":{"line":38,"column":39}},{"start":{"line":38,"column":43},"end":{"line":38,"column":52}}],"line":38},"4":{"loc":{"start":{"line":54,"column":6},"end":{"line":56,"column":7}},"type":"if","locations":[{"start":{"line":54,"column":6},"end":{"line":56,"column":7}},{"start":{},"end":{}}],"line":54},"5":{"loc":{"start":{"line":68,"column":4},"end":{"line":70,"column":5}},"type":"if","locations":[{"start":{"line":68,"column":4},"end":{"line":70,"column":5}},{"start":{},"end":{}}],"line":68},"6":{"loc":{"start":{"line":92,"column":6},"end":{"line":94,"column":5}},"type":"if","locations":[{"start":{"line":92,"column":6},"end":{"line":94,"column":5}},{"start":{},"end":{}}],"line":92},"7":{"loc":{"start":{"line":122,"column":4},"end":{"line":124,"column":5}},"type":"if","locations":[{"start":{"line":122,"column":4},"end":{"line":124,"column":5}},{"start":{},"end":{}}],"line":122},"8":{"loc":{"start":{"line":151,"column":4},"end":{"line":153,"column":5}},"type":"if","locations":[{"start":{"line":151,"column":4},"end":{"line":153,"column":5}},{"start":{},"end":{}}],"line":151},"9":{"loc":{"start":{"line":173,"column":4},"end":{"line":177,"column":5}},"type":"if","locations":[{"start":{"line":173,"column":4},"end":{"line":177,"column":5}},{"start":{},"end":{}}],"line":173},"10":{"loc":{"start":{"line":197,"column":4},"end":{"line":201,"column":5}},"type":"if","locations":[{"start":{"line":197,"column":4},"end":{"line":201,"column":5}},{"start":{},"end":{}}],"line":197}},"s":{"0":3,"1":3,"2":3,"3":3,"4":3,"5":0,"6":0,"7":0,"8":0,"9":0,"10":0,"11":0,"12":0,"13":0,"14":0,"15":0,"16":0,"17":0,"18":0,"19":0,"20":0,"21":0,"22":0,"23":0,"24":0,"25":0,"26":0,"27":0,"28":0,"29":0,"30":0,"31":0,"32":0,"33":0,"34":0,"35":0,"36":0,"37":0,"38":0,"39":0,"40":0,"41":0,"42":0,"43":0,"44":0,"45":0,"46":0,"47":0,"48":0,"49":0,"50":0,"51":0,"52":0,"53":0,"54":0,"55":0,"56":0,"57":0,"58":0,"59":0,"60":0,"61":0,"62":0,"63":0,"64":0,"65":0,"66":0,"67":0,"68":3,"69":3},"f":{"0":0,"1":0,"2":0,"3":0,"4":0,"5":0,"6":0,"7":0,"8":0,"9":0},"b":{"0":[0,0],"1":[0,0],"2":[0,0],"3":[0,0,0,0],"4":[0,0],"5":[0,0],"6":[0,0],"7":[0,0],"8":[0,0],"9":[0,0],"10":[0,0]},"_coverageSchema":"1a1c01bbd47fc00a2c39e90264f33305004495a9","hash":"f6f8a17d8ba6a06cf980f1cbacf125c1855b2789"}
,"/Users/patrycjamikucka/Projects/FinalProject/banksy-map/api/db/db.js": {"path":"/Users/patrycjamikucka/Projects/FinalProject/banksy-map/api/db/db.js","statementMap":{"0":{"start":{"line":1,"column":17},"end":{"line":1,"column":36}},"1":{"start":{"line":4,"column":21},"end":{"line":4,"column":44}},"2":{"start":{"line":5,"column":2},"end":{"line":5,"column":61}},"3":{"start":{"line":8,"column":2},"end":{"line":13,"column":3}},"4":{"start":{"line":9,"column":4},"end":{"line":11,"column":6}},"5":{"start":{"line":12,"column":4},"end":{"line":12,"column":53}},"6":{"start":{"line":15,"column":2},"end":{"line":15,"column":37}},"7":{"start":{"line":17,"column":2},"end":{"line":21,"column":3}},"8":{"start":{"line":18,"column":4},"end":{"line":18,"column":53}},"9":{"start":{"line":19,"column":4},"end":{"line":19,"column":59}},"10":{"start":{"line":24,"column":0},"end":{"line":24,"column":39}}},"fnMap":{"0":{"name":"connectToDatabase","decl":{"start":{"line":3,"column":15},"end":{"line":3,"column":32}},"loc":{"start":{"line":3,"column":35},"end":{"line":22,"column":1}},"line":3}},"branchMap":{"0":{"loc":{"start":{"line":8,"column":2},"end":{"line":13,"column":3}},"type":"if","locations":[{"start":{"line":8,"column":2},"end":{"line":13,"column":3}},{"start":{},"end":{}}],"line":8},"1":{"loc":{"start":{"line":17,"column":2},"end":{"line":21,"column":3}},"type":"if","locations":[{"start":{"line":17,"column":2},"end":{"line":21,"column":3}},{"start":{},"end":{}}],"line":17}},"s":{"0":6,"1":6,"2":6,"3":6,"4":6,"5":6,"6":0,"7":0,"8":0,"9":0,"10":6},"f":{"0":6},"b":{"0":[6,0],"1":[0,0]},"_coverageSchema":"1a1c01bbd47fc00a2c39e90264f33305004495a9","hash":"c2920db4e3f096464954c6b0985eb72c7724f2fa"}
,"/Users/patrycjamikucka/Projects/FinalProject/banksy-map/api/lib/token.js": {"path":"/Users/patrycjamikucka/Projects/FinalProject/banksy-map/api/lib/token.js","statementMap":{"0":{"start":{"line":1,"column":12},"end":{"line":1,"column":35}},"1":{"start":{"line":2,"column":15},"end":{"line":2,"column":37}},"2":{"start":{"line":11,"column":29},"end":{"line":11,"column":37}},"3":{"start":{"line":12,"column":25},"end":{"line":12,"column":54}},"4":{"start":{"line":13,"column":23},"end":{"line":13,"column":54}},"5":{"start":{"line":17,"column":19},"end":{"line":21,"column":5}},"6":{"start":{"line":23,"column":4},"end":{"line":23,"column":36}},"7":{"start":{"line":27,"column":4},"end":{"line":27,"column":37}},"8":{"start":{"line":30,"column":0},"end":{"line":30,"column":48}}},"fnMap":{"0":{"name":"generateToken","decl":{"start":{"line":10,"column":9},"end":{"line":10,"column":22}},"loc":{"start":{"line":10,"column":32},"end":{"line":24,"column":1}},"line":10},"1":{"name":"decodeToken","decl":{"start":{"line":26,"column":9},"end":{"line":26,"column":20}},"loc":{"start":{"line":26,"column":28},"end":{"line":28,"column":1}},"line":26}},"branchMap":{},"s":{"0":4,"1":4,"2":1,"3":1,"4":1,"5":1,"6":1,"7":0,"8":4},"f":{"0":1,"1":0},"b":{},"_coverageSchema":"1a1c01bbd47fc00a2c39e90264f33305004495a9","hash":"6fad3da6d1a7469985a10f5939490fc186978c46"}
,"/Users/patrycjamikucka/Projects/FinalProject/banksy-map/api/middleware/tokenChecker.js": {"path":"/Users/patrycjamikucka/Projects/FinalProject/banksy-map/api/middleware/tokenChecker.js","statementMap":{"0":{"start":{"line":1,"column":12},"end":{"line":1,"column":35}},"1":{"start":{"line":6,"column":21},"end":{"line":6,"column":45}},"2":{"start":{"line":8,"column":2},"end":{"line":14,"column":3}},"3":{"start":{"line":10,"column":4},"end":{"line":12,"column":5}},"4":{"start":{"line":11,"column":6},"end":{"line":11,"column":51}},"5":{"start":{"line":13,"column":4},"end":{"line":13,"column":18}},"6":{"start":{"line":16,"column":2},"end":{"line":18,"column":3}},"7":{"start":{"line":17,"column":4},"end":{"line":17,"column":32}},"8":{"start":{"line":20,"column":2},"end":{"line":36,"column":3}},"9":{"start":{"line":21,"column":20},"end":{"line":21,"column":61}},"10":{"start":{"line":22,"column":20},"end":{"line":22,"column":31}},"11":{"start":{"line":24,"column":4},"end":{"line":26,"column":5}},"12":{"start":{"line":25,"column":6},"end":{"line":25,"column":51}},"13":{"start":{"line":29,"column":4},"end":{"line":29,"column":26}},"14":{"start":{"line":30,"column":4},"end":{"line":30,"column":11}},"15":{"start":{"line":32,"column":4},"end":{"line":34,"column":5}},"16":{"start":{"line":33,"column":6},"end":{"line":33,"column":23}},"17":{"start":{"line":35,"column":4},"end":{"line":35,"column":52}},"18":{"start":{"line":39,"column":0},"end":{"line":39,"column":30}}},"fnMap":{"0":{"name":"tokenChecker","decl":{"start":{"line":4,"column":9},"end":{"line":4,"column":21}},"loc":{"start":{"line":4,"column":38},"end":{"line":37,"column":1}},"line":4}},"branchMap":{"0":{"loc":{"start":{"line":8,"column":2},"end":{"line":14,"column":3}},"type":"if","locations":[{"start":{"line":8,"column":2},"end":{"line":14,"column":3}},{"start":{},"end":{}}],"line":8},"1":{"loc":{"start":{"line":8,"column":6},"end":{"line":8,"column":54}},"type":"binary-expr","locations":[{"start":{"line":8,"column":6},"end":{"line":8,"column":17}},{"start":{"line":8,"column":21},"end":{"line":8,"column":54}}],"line":8},"2":{"loc":{"start":{"line":10,"column":4},"end":{"line":12,"column":5}},"type":"if","locations":[{"start":{"line":10,"column":4},"end":{"line":12,"column":5}},{"start":{},"end":{}}],"line":10},"3":{"loc":{"start":{"line":16,"column":2},"end":{"line":18,"column":3}},"type":"if","locations":[{"start":{"line":16,"column":2},"end":{"line":18,"column":3}},{"start":{},"end":{}}],"line":16},"4":{"loc":{"start":{"line":24,"column":4},"end":{"line":26,"column":5}},"type":"if","locations":[{"start":{"line":24,"column":4},"end":{"line":26,"column":5}},{"start":{},"end":{}}],"line":24},"5":{"loc":{"start":{"line":32,"column":4},"end":{"line":34,"column":5}},"type":"if","locations":[{"start":{"line":32,"column":4},"end":{"line":34,"column":5}},{"start":{},"end":{}}],"line":32}},"s":{"0":3,"1":0,"2":0,"3":0,"4":0,"5":0,"6":0,"7":0,"8":0,"9":0,"10":0,"11":0,"12":0,"13":0,"14":0,"15":0,"16":0,"17":0,"18":3},"f":{"0":0},"b":{"0":[0,0],"1":[0,0],"2":[0,0],"3":[0,0],"4":[0,0],"5":[0,0]},"_coverageSchema":"1a1c01bbd47fc00a2c39e90264f33305004495a9","hash":"c6639cf1b5c696ac5d7c629532bec3163920ea36"}
,"/Users/patrycjamikucka/Projects/FinalProject/banksy-map/api/models/artwork.js": {"path":"/Users/patrycjamikucka/Projects/FinalProject/banksy-map/api/models/artwork.js","statementMap":{"0":{"start":{"line":1,"column":17},"end":{"line":1,"column":36}},"1":{"start":{"line":3,"column":22},"end":{"line":33,"column":2}},"2":{"start":{"line":19,"column":10},"end":{"line":21,"column":62}},"3":{"start":{"line":35,"column":0},"end":{"line":35,"column":46}},"4":{"start":{"line":49,"column":16},"end":{"line":49,"column":56}},"5":{"start":{"line":51,"column":0},"end":{"line":51,"column":25}}},"fnMap":{"0":{"name":"(anonymous_0)","decl":{"start":{"line":18,"column":19},"end":{"line":18,"column":20}},"loc":{"start":{"line":18,"column":41},"end":{"line":22,"column":9}},"line":18}},"branchMap":{"0":{"loc":{"start":{"line":19,"column":17},"end":{"line":21,"column":61}},"type":"binary-expr","locations":[{"start":{"line":19,"column":17},"end":{"line":19,"column":41}},{"start":{"line":20,"column":16},"end":{"line":20,"column":38}},{"start":{"line":20,"column":42},"end":{"line":20,"column":63}},{"start":{"line":21,"column":16},"end":{"line":21,"column":37}},{"start":{"line":21,"column":41},"end":{"line":21,"column":61}}],"line":19}},"s":{"0":5,"1":5,"2":0,"3":5,"4":5,"5":5},"f":{"0":0},"b":{"0":[0,0,0,0,0]},"_coverageSchema":"1a1c01bbd47fc00a2c39e90264f33305004495a9","hash":"cc4aa266d5b03497195f93a9c71a8ec9bd5af159"}
,"/Users/patrycjamikucka/Projects/FinalProject/banksy-map/api/models/badge.js": {"path":"/Users/patrycjamikucka/Projects/FinalProject/banksy-map/api/models/badge.js","statementMap":{"0":{"start":{"line":1,"column":17},"end":{"line":1,"column":36}},"1":{"start":{"line":3,"column":20},"end":{"line":11,"column":2}},"2":{"start":{"line":13,"column":0},"end":{"line":13,"column":54}}},"fnMap":{},"branchMap":{},"s":{"0":3,"1":3,"2":3},"f":{},"b":{},"_coverageSchema":"1a1c01bbd47fc00a2c39e90264f33305004495a9","hash":"e0f27ea3a6e0660724ae7b38f337a73109385083"}
,"/Users/patrycjamikucka/Projects/FinalProject/banksy-map/api/models/comments.js": {"path":"/Users/patrycjamikucka/Projects/FinalProject/banksy-map/api/models/comments.js","statementMap":{"0":{"start":{"line":1,"column":17},"end":{"line":1,"column":36}},"1":{"start":{"line":3,"column":23},"end":{"line":8,"column":2}},"2":{"start":{"line":10,"column":17},"end":{"line":10,"column":58}},"3":{"start":{"line":12,"column":0},"end":{"line":12,"column":26}}},"fnMap":{},"branchMap":{},"s":{"0":1,"1":1,"2":1,"3":1},"f":{},"b":{},"_coverageSchema":"1a1c01bbd47fc00a2c39e90264f33305004495a9","hash":"6154259ef35f4ce4a08aaed45e12c78301160a22"}
,"/Users/patrycjamikucka/Projects/FinalProject/banksy-map/api/models/user.js": {"path":"/Users/patrycjamikucka/Projects/FinalProject/banksy-map/api/models/user.js","statementMap":{"0":{"start":{"line":1,"column":17},"end":{"line":1,"column":36}},"1":{"start":{"line":3,"column":19},"end":{"line":16,"column":2}},"2":{"start":{"line":18,"column":13},"end":{"line":18,"column":47}},"3":{"start":{"line":20,"column":0},"end":{"line":20,"column":22}}},"fnMap":{},"branchMap":{},"s":{"0":5,"1":5,"2":5,"3":5},"f":{},"b":{},"_coverageSchema":"1a1c01bbd47fc00a2c39e90264f33305004495a9","hash":"55b02fbf1075579e3e5ca2aca6ade7824306dd24"}
,"/Users/patrycjamikucka/Projects/FinalProject/banksy-map/api/routes/authentication.js": {"path":"/Users/patrycjamikucka/Projects/FinalProject/banksy-map/api/routes/authentication.js","statementMap":{"0":{"start":{"line":1,"column":16},"end":{"line":1,"column":34}},"1":{"start":{"line":2,"column":15},"end":{"line":2,"column":31}},"2":{"start":{"line":4,"column":33},"end":{"line":4,"column":73}},"3":{"start":{"line":6,"column":0},"end":{"line":6,"column":55}},"4":{"start":{"line":9,"column":0},"end":{"line":9,"column":24}}},"fnMap":{},"branchMap":{},"s":{"0":3,"1":3,"2":3,"3":3,"4":3},"f":{},"b":{},"_coverageSchema":"1a1c01bbd47fc00a2c39e90264f33305004495a9","hash":"5df509e09f7e3868884a03f96f2a903883e1ba7b"}
,"/Users/patrycjamikucka/Projects/FinalProject/banksy-map/api/routes/badge.js": {"path":"/Users/patrycjamikucka/Projects/FinalProject/banksy-map/api/routes/badge.js","statementMap":{"0":{"start":{"line":1,"column":16},"end":{"line":1,"column":34}},"1":{"start":{"line":2,"column":15},"end":{"line":2,"column":31}},"2":{"start":{"line":4,"column":25},"end":{"line":4,"column":56}},"3":{"start":{"line":6,"column":0},"end":{"line":6,"column":41}},"4":{"start":{"line":7,"column":0},"end":{"line":7,"column":45}},"5":{"start":{"line":8,"column":0},"end":{"line":8,"column":42}},"6":{"start":{"line":9,"column":0},"end":{"line":9,"column":49}},"7":{"start":{"line":10,"column":0},"end":{"line":10,"column":52}},"8":{"start":{"line":11,"column":0},"end":{"line":11,"column":62}},"9":{"start":{"line":13,"column":0},"end":{"line":13,"column":24}}},"fnMap":{},"branchMap":{},"s":{"0":3,"1":3,"2":3,"3":3,"4":3,"5":3,"6":3,"7":3,"8":3,"9":3},"f":{},"b":{},"_coverageSchema":"1a1c01bbd47fc00a2c39e90264f33305004495a9","hash":"714e6d715cf9f64bb78167d502c2a5d44be75ed9"}
,"/Users/patrycjamikucka/Projects/FinalProject/banksy-map/api/routes/usersProtected.js": {"path":"/Users/patrycjamikucka/Projects/FinalProject/banksy-map/api/routes/usersProtected.js","statementMap":{"0":{"start":{"line":1,"column":16},"end":{"line":1,"column":34}},"1":{"start":{"line":3,"column":24},"end":{"line":3,"column":55}},"2":{"start":{"line":5,"column":15},"end":{"line":5,"column":31}},"3":{"start":{"line":7,"column":0},"end":{"line":7,"column":55}},"4":{"start":{"line":8,"column":0},"end":{"line":8,"column":44}},"5":{"start":{"line":9,"column":0},"end":{"line":9,"column":72}},"6":{"start":{"line":10,"column":0},"end":{"line":10,"column":75}},"7":{"start":{"line":12,"column":0},"end":{"line":12,"column":24}}},"fnMap":{},"branchMap":{},"s":{"0":3,"1":3,"2":3,"3":3,"4":3,"5":3,"6":3,"7":3},"f":{},"b":{},"_coverageSchema":"1a1c01bbd47fc00a2c39e90264f33305004495a9","hash":"526ba8d57392519cd1497b173b6105790f6021e6"}
,"/Users/patrycjamikucka/Projects/FinalProject/banksy-map/api/routes/usersUnprotected.js": {"path":"/Users/patrycjamikucka/Projects/FinalProject/banksy-map/api/routes/usersUnprotected.js","statementMap":{"0":{"start":{"line":1,"column":16},"end":{"line":1,"column":34}},"1":{"start":{"line":3,"column":24},"end":{"line":3,"column":55}},"2":{"start":{"line":5,"column":15},"end":{"line":5,"column":31}},"3":{"start":{"line":7,"column":0},"end":{"line":7,"column":41}},"4":{"start":{"line":9,"column":0},"end":{"line":9,"column":24}}},"fnMap":{},"branchMap":{},"s":{"0":3,"1":3,"2":3,"3":3,"4":3},"f":{},"b":{},"_coverageSchema":"1a1c01bbd47fc00a2c39e90264f33305004495a9","hash":"e0057f82b817c01f7ba5e69c4c0ef0c04112f037"}
,"/Users/patrycjamikucka/Projects/FinalProject/banksy-map/api/tests/mongodb_helper.js": {"path":"/Users/patrycjamikucka/Projects/FinalProject/banksy-map/api/tests/mongodb_helper.js","statementMap":{"0":{"start":{"line":1,"column":17},"end":{"line":1,"column":36}},"1":{"start":{"line":2,"column":30},"end":{"line":2,"column":49}},"2":{"start":{"line":4,"column":0},"end":{"line":6,"column":3}},"3":{"start":{"line":5,"column":4},"end":{"line":5,"column":30}},"4":{"start":{"line":8,"column":0},"end":{"line":10,"column":3}},"5":{"start":{"line":9,"column":4},"end":{"line":9,"column":42}}},"fnMap":{"0":{"name":"(anonymous_0)","decl":{"start":{"line":4,"column":10},"end":{"line":4,"column":11}},"loc":{"start":{"line":4,"column":22},"end":{"line":6,"column":1}},"line":4},"1":{"name":"(anonymous_1)","decl":{"start":{"line":8,"column":9},"end":{"line":8,"column":10}},"loc":{"start":{"line":8,"column":21},"end":{"line":10,"column":1}},"line":8}},"branchMap":{},"s":{"0":6,"1":6,"2":6,"3":6,"4":6,"5":6},"f":{"0":6,"1":6},"b":{},"_coverageSchema":"1a1c01bbd47fc00a2c39e90264f33305004495a9","hash":"32b6934bf21b2116041e3e6f13f2131f7d886d02"}
}
