TN:
SF:api/app.js
FN:31,(anonymous_0)
FN:37,(anonymous_1)
FNF:2
FNH:0
FNDA:0,(anonymous_0)
FNDA:0,(anonymous_1)
DA:1,3
DA:2,3
DA:3,3
DA:7,3
DA:8,3
DA:10,3
DA:11,3
DA:12,3
DA:14,3
DA:16,3
DA:19,3
DA:20,3
DA:23,3
DA:24,3
DA:26,3
DA:27,3
DA:31,3
DA:32,0
DA:33,0
DA:37,3
DA:38,0
DA:39,0
DA:40,0
DA:42,0
DA:46,3
LF:25
LH:19
BRDA:39,0,0,0
BRDA:39,0,1,0
BRF:2
BRH:0
end_of_record
TN:
SF:api/controllers/authentication.js
FN:6,createToken
FNF:1
FNH:0
FNDA:0,createToken
DA:1,3
DA:2,3
DA:3,3
DA:4,3
DA:7,0
DA:8,0
DA:10,0
DA:11,0
DA:13,0
DA:14,0
DA:15,0
DA:19,0
DA:20,0
DA:21,0
DA:22,0
DA:25,0
DA:26,0
DA:30,0
DA:31,0
DA:37,3
DA:41,3
LF:21
LH:6
BRDA:13,0,0,0
BRDA:13,0,1,0
BRDA:20,1,0,0
BRDA:20,1,1,0
BRF:4
BRH:0
end_of_record
TN:
SF:api/controllers/badge.js
FN:3,getAll
FN:20,getById
FN:42,create
FN:92,updateBadge
FN:148,deleteBadge
FN:175,getByCriteria
FNF:6
FNH:0
FNDA:0,getAll
FNDA:0,getById
FNDA:0,create
FNDA:0,updateBadge
FNDA:0,deleteBadge
FNDA:0,getByCriteria
DA:1,3
DA:4,0
DA:5,0
DA:6,0
DA:12,0
DA:21,0
DA:22,0
DA:24,0
DA:25,0
DA:30,0
DA:35,0
DA:36,0
DA:43,0
DA:44,0
DA:46,0
DA:47,0
DA:53,0
DA:54,0
DA:55,0
DA:60,0
DA:69,0
DA:71,0
DA:77,0
DA:78,0
DA:84,0
DA:93,0
DA:94,0
DA:95,0
DA:97,0
DA:98,0
DA:99,0
DA:104,0
DA:105,0
DA:106,0
DA:107,0
DA:113,0
DA:114,0
DA:115,0
DA:116,0
DA:117,0
DA:118,0
DA:123,0
DA:128,0
DA:134,0
DA:135,0
DA:141,0
DA:149,0
DA:150,0
DA:152,0
DA:153,0
DA:154,0
DA:159,0
DA:161,0
DA:167,0
DA:176,0
DA:177,0
DA:179,0
DA:180,0
DA:181,0
DA:186,0
DA:188,0
DA:194,0
DA:201,3
DA:210,3
LF:64
LH:3
BRDA:24,0,0,0
BRDA:24,0,1,0
BRDA:46,1,0,0
BRDA:46,1,1,0
BRDA:46,2,0,0
BRDA:46,2,1,0
BRDA:46,2,2,0
BRDA:46,2,3,0
BRDA:46,2,4,0
BRDA:54,3,0,0
BRDA:54,3,1,0
BRDA:77,4,0,0
BRDA:77,4,1,0
BRDA:98,5,0,0
BRDA:98,5,1,0
BRDA:104,6,0,0
BRDA:104,6,1,0
BRDA:104,7,0,0
BRDA:104,7,1,0
BRDA:106,8,0,0
BRDA:106,8,1,0
BRDA:114,9,0,0
BRDA:114,9,1,0
BRDA:115,10,0,0
BRDA:115,10,1,0
BRDA:116,11,0,0
BRDA:116,11,1,0
BRDA:117,12,0,0
BRDA:117,12,1,0
BRDA:119,13,0,0
BRDA:119,13,1,0
BRDA:120,14,0,0
BRDA:120,14,1,0
BRDA:134,15,0,0
BRDA:134,15,1,0
BRDA:153,16,0,0
BRDA:153,16,1,0
BRDA:180,17,0,0
BRDA:180,17,1,0
BRF:39
BRH:0
end_of_record
TN:
SF:api/controllers/users.js
FN:9,getCurrentUser
FN:33,create
FN:49,(anonymous_2)
FN:53,(anonymous_3)
FN:61,getById
FN:79,addBookmarked
FN:109,addVisitedArtwork
FN:138,addBadge
FN:167,getUserBookmarkedArtworks
FN:191,getUserVisitedArtworks
FNF:10
FNH:0
FNDA:0,getCurrentUser
FNDA:0,create
FNDA:0,(anonymous_2)
FNDA:0,(anonymous_3)
FNDA:0,getById
FNDA:0,addBookmarked
FNDA:0,addVisitedArtwork
FNDA:0,addBadge
FNDA:0,getUserBookmarkedArtworks
FNDA:0,getUserVisitedArtworks
DA:2,3
DA:3,3
DA:4,3
DA:6,3
DA:7,3
DA:11,0
DA:12,0
DA:13,0
DA:14,0
DA:18,0
DA:21,0
DA:22,0
DA:25,0
DA:28,0
DA:29,0
DA:35,0
DA:38,0
DA:39,0
DA:43,0
DA:44,0
DA:47,0
DA:50,0
DA:51,0
DA:54,0
DA:55,0
DA:57,0
DA:62,0
DA:64,0
DA:68,0
DA:69,0
DA:72,0
DA:74,0
DA:75,0
DA:80,0
DA:82,0
DA:85,0
DA:92,0
DA:93,0
DA:95,0
DA:102,0
DA:110,0
DA:111,0
DA:113,0
DA:122,0
DA:123,0
DA:126,0
DA:131,0
DA:139,0
DA:140,0
DA:142,0
DA:151,0
DA:152,0
DA:155,0
DA:160,0
DA:168,0
DA:169,0
DA:173,0
DA:174,0
DA:179,0
DA:184,0
DA:185,0
DA:192,0
DA:193,0
DA:197,0
DA:198,0
DA:203,0
DA:208,0
DA:209,0
DA:215,3
DA:226,3
LF:70
LH:7
BRDA:13,0,0,0
BRDA:13,0,1,0
BRDA:21,1,0,0
BRDA:21,1,1,0
BRDA:38,2,0,0
BRDA:38,2,1,0
BRDA:38,3,0,0
BRDA:38,3,1,0
BRDA:38,3,2,0
BRDA:38,3,3,0
BRDA:54,4,0,0
BRDA:54,4,1,0
BRDA:68,5,0,0
BRDA:68,5,1,0
BRDA:92,6,0,0
BRDA:92,6,1,0
BRDA:122,7,0,0
BRDA:122,7,1,0
BRDA:151,8,0,0
BRDA:151,8,1,0
BRDA:173,9,0,0
BRDA:173,9,1,0
BRDA:197,10,0,0
BRDA:197,10,1,0
BRF:24
BRH:0
end_of_record
TN:
SF:api/db/db.js
FN:3,connectToDatabase
FNF:1
FNH:1
FNDA:6,connectToDatabase
DA:1,6
DA:4,6
DA:5,6
DA:8,6
DA:9,6
DA:12,6
DA:15,0
DA:17,0
DA:18,0
DA:19,0
DA:24,6
LF:11
LH:7
BRDA:8,0,0,6
BRDA:8,0,1,0
BRDA:17,1,0,0
BRDA:17,1,1,0
BRF:4
BRH:1
end_of_record
TN:
SF:api/lib/token.js
FN:10,generateToken
FN:26,decodeToken
FNF:2
FNH:1
FNDA:1,generateToken
FNDA:0,decodeToken
DA:1,4
DA:2,4
DA:11,1
DA:12,1
DA:13,1
DA:17,1
DA:23,1
DA:27,0
DA:30,4
LF:9
LH:8
BRF:0
BRH:0
end_of_record
TN:
SF:api/middleware/tokenChecker.js
FN:4,tokenChecker
FNF:1
FNH:0
FNDA:0,tokenChecker
DA:1,3
DA:6,0
DA:8,0
DA:10,0
DA:11,0
DA:13,0
DA:16,0
DA:17,0
DA:20,0
DA:21,0
DA:22,0
DA:24,0
DA:25,0
DA:29,0
DA:30,0
DA:32,0
DA:33,0
DA:35,0
DA:39,3
LF:19
LH:2
BRDA:8,0,0,0
BRDA:8,0,1,0
BRDA:8,1,0,0
BRDA:8,1,1,0
BRDA:10,2,0,0
BRDA:10,2,1,0
BRDA:16,3,0,0
BRDA:16,3,1,0
BRDA:24,4,0,0
BRDA:24,4,1,0
BRDA:32,5,0,0
BRDA:32,5,1,0
BRF:12
BRH:0
end_of_record
TN:
SF:api/models/artwork.js
FN:18,(anonymous_0)
FNF:1
FNH:0
FNDA:0,(anonymous_0)
DA:1,5
DA:3,5
DA:19,0
DA:35,5
DA:49,5
DA:51,5
LF:6
LH:5
BRDA:19,0,0,0
BRDA:19,0,1,0
BRDA:19,0,2,0
BRDA:19,0,3,0
BRDA:19,0,4,0
BRF:5
BRH:0
end_of_record
TN:
SF:api/models/badge.js
FNF:0
FNH:0
DA:1,3
DA:3,3
DA:13,3
LF:3
LH:3
BRF:0
BRH:0
end_of_record
TN:
SF:api/models/comments.js
FNF:0
FNH:0
DA:1,1
DA:3,1
DA:10,1
DA:12,1
LF:4
LH:4
BRF:0
BRH:0
end_of_record
TN:
SF:api/models/user.js
FNF:0
FNH:0
DA:1,5
DA:3,5
DA:18,5
DA:20,5
LF:4
LH:4
BRF:0
BRH:0
end_of_record
TN:
SF:api/routes/authentication.js
FNF:0
FNH:0
DA:1,3
DA:2,3
DA:4,3
DA:6,3
DA:9,3
LF:5
LH:5
BRF:0
BRH:0
end_of_record
TN:
SF:api/routes/badge.js
FNF:0
FNH:0
DA:1,3
DA:2,3
DA:4,3
DA:6,3
DA:7,3
DA:8,3
DA:9,3
DA:10,3
DA:11,3
DA:13,3
LF:10
LH:10
BRF:0
BRH:0
end_of_record
TN:
SF:api/routes/usersProtected.js
FNF:0
FNH:0
DA:1,3
DA:3,3
DA:5,3
DA:7,3
DA:8,3
DA:9,3
DA:10,3
DA:12,3
LF:8
LH:8
BRF:0
BRH:0
end_of_record
TN:
SF:api/routes/usersUnprotected.js
FNF:0
FNH:0
DA:1,3
DA:3,3
DA:5,3
DA:7,3
DA:9,3
LF:5
LH:5
BRF:0
BRH:0
end_of_record
TN:
SF:api/tests/mongodb_helper.js
FN:4,(anonymous_0)
FN:8,(anonymous_1)
FNF:2
FNH:2
FNDA:6,(anonymous_0)
FNDA:6,(anonymous_1)
DA:1,6
DA:2,6
DA:4,6
DA:5,6
DA:8,6
DA:9,6
LF:6
LH:6
BRF:0
BRH:0
end_of_record
